2024-12-02 09:22:16,555 - INFO - Organizing existing file: 01 - WESTLIFE - swear it again .mp3 with extension: mp3
2024-12-02 09:22:16,556 - INFO - Created folder: D:\Project\Audio
2024-12-02 09:22:16,557 - INFO - Moved: 01 - WESTLIFE - swear it again .mp3 to D:\Project\Audio/
2024-12-02 09:22:16,558 - INFO - Organizing existing file: 1.jpg with extension: jpg
2024-12-02 09:22:16,558 - INFO - Created folder: D:\Project\Images
2024-12-02 09:22:16,559 - INFO - Moved: 1.jpg to D:\Project\Images/
2024-12-02 09:22:16,559 - INFO - Organizing existing file: Black.png with extension: png
2024-12-02 09:22:16,559 - INFO - Moved: Black.png to D:\Project\Images/
2024-12-02 09:22:16,560 - INFO - Organizing existing file: config.py with extension: py
2024-12-02 09:22:16,560 - INFO - Skipped: config.py (unknown file type)
2024-12-02 09:22:16,561 - INFO - Organizing existing file: elementor-pro_v3.25.4.zip with extension: zip
2024-12-02 09:22:16,561 - INFO - Created folder: D:\Project\Archives
2024-12-02 09:22:16,561 - INFO - Moved: elementor-pro_v3.25.4.zip to D:\Project\Archives/
2024-12-02 09:22:16,562 - INFO - Organizing existing file: file_organizer.log with extension: log
2024-12-02 09:22:16,562 - INFO - Skipped: file_organizer.log (unknown file type)
2024-12-02 09:22:16,562 - INFO - Organizing existing file: file_organizer.py with extension: py
2024-12-02 09:22:16,562 - INFO - Skipped: file_organizer.py (unknown file type)
2024-12-02 09:22:16,562 - INFO - Organizing existing file: Invoice.pdf with extension: pdf
2024-12-02 09:22:16,563 - INFO - Created folder: D:\Project\Documents
2024-12-02 09:22:16,563 - INFO - Moved: Invoice.pdf to D:\Project\Documents/
2024-12-02 09:22:16,563 - INFO - Organizing existing file: logger.py with extension: py
2024-12-02 09:22:16,563 - INFO - Skipped: logger.py (unknown file type)
2024-12-02 09:22:16,564 - INFO - Organizing existing file: main.py with extension: py
2024-12-02 09:22:16,564 - INFO - Skipped: main.py (unknown file type)
